[2026-06-16 19:09:39] local.ERROR: Database connection [sqlite] not configured. {"exception":"[object] (InvalidArgumentException(code: 0): Database connection [sqlite] not configured. at D:\\ielts-mock-test\\ielts-mock-test\\vendor\\laravel\\framework\\src\\Illuminate\\Database\\DatabaseManager.php:173)
[stacktrace]
#0 D:\\ielts-mock-test\\ielts-mock-test\\vendor\\laravel\\framework\\src\\Illuminate\\Database\\DatabaseManager.php(136): Illuminate\\Database\\DatabaseManager->configuration('sqlite')
#1 D:\\ielts-mock-test\\ielts-mock-test\\vendor\\laravel\\framework\\src\\Illuminate\\Database\\DatabaseManager.php(101): Illuminate\\Database\\DatabaseManager->makeConnection('sqlite')
#2 D:\\ielts-mock-test\\ielts-mock-test\\vendor\\laravel\\framework\\src\\Illuminate\\Database\\Eloquent\\Model.php(1815): Illuminate\\Database\\DatabaseManager->connection('sqlite')
#3 D:\\ielts-mock-test\\ielts-mock-test\\vendor\\laravel\\framework\\src\\Illuminate\\Database\\Eloquent\\Model.php(1781): Illuminate\\Database\\Eloquent\\Model::resolveConnection(NULL)
#4 D:\\ielts-mock-test\\ielts-mock-test\\vendor\\laravel\\framework\\src\\Illuminate\\Database\\Eloquent\\Model.php(1573): Illuminate\\Database\\Eloquent\\Model->getConnection()
#5 D:\\ielts-mock-test\\ielts-mock-test\\vendor\\laravel\\framework\\src\\Illuminate\\Database\\Eloquent\\Model.php(1492): Illuminate\\Database\\Eloquent\\Model->newBaseQueryBuilder()
#6 D:\\ielts-mock-test\\ielts-mock-test\\vendor\\laravel\\framework\\src\\Illuminate\\Database\\Eloquent\\Model.php(1528): Illuminate\\Database\\Eloquent\\Model->newModelQuery()
#7 D:\\ielts-mock-test\\ielts-mock-test\\vendor\\laravel\\framework\\src\\Illuminate\\Database\\Eloquent\\Model.php(1481): Illuminate\\Database\\Eloquent\\Model->newQueryWithoutScopes()
#8 D:\\ielts-mock-test\\ielts-mock-test\\vendor\\laravel\\framework\\src\\Illuminate\\Auth\\EloquentUserProvider.php(167): Illuminate\\Database\\Eloquent\\Model->newQuery()
#9 D:\\ielts-mock-test\\ielts-mock-test\\vendor\\laravel\\framework\\src\\Illuminate\\Auth\\EloquentUserProvider.php(127): Illuminate\\Auth\\EloquentUserProvider->newModelQuery()
#10 D:\\ielts-mock-test\\ielts-mock-test\\vendor\\laravel\\framework\\src\\Illuminate\\Auth\\SessionGuard.php(381): Illuminate\\Auth\\EloquentUserProvider->retrieveByCredentials(Array)
#11 D:\\ielts-mock-test\\ielts-mock-test\\vendor\\laravel\\framework\\src\\Illuminate\\Auth\\AuthManager.php(340): Illuminate\\Auth\\SessionGuard->attempt(Array)
#12 D:\\ielts-mock-test\\ielts-mock-test\\vendor\\laravel\\framework\\src\\Illuminate\\Support\\Facades\\Facade.php(338): Illuminate\\Auth\\AuthManager->__call('attempt', Array)
#13 D:\\ielts-mock-test\\ielts-mock-test\\app\\Http\\Controllers\\AuthController.php(9): Illuminate\\Support\\Facades\\Facade::__callStatic('attempt', Array)
#14 D:\\ielts-mock-test\\ielts-mock-test\\vendor\\laravel\\framework\\src\\Illuminate\\Routing\\Controller.php(54): App\\Http\\Controllers\\AuthController->login(Object(Illuminate\\Http\\Request))
#15 D:\\ielts-mock-test\\ielts-mock-test\\vendor\\laravel\\framework\\src\\Illuminate\\Routing\\ControllerDispatcher.php(43): Illuminate\\Routing\\Controller->callAction('login', Array)
#16 D:\\ielts-mock-test\\ielts-mock-test\\vendor\\laravel\\framework\\src\\Illuminate\\Routing\\Route.php(259): Illuminate\\Routing\\ControllerDispatcher->dispatch(Object(Illuminate\\Routing\\Route), Object(App\\Http\\Controllers\\AuthController), 'login')
#17 D:\\ielts-mock-test\\ielts-mock-test\\vendor\\laravel\\framework\\src\\Illuminate\\Routing\\Route.php(205): Illuminate\\Routing\\Route->runController()
#18 D:\\ielts-mock-test\\ielts-mock-test\\vendor\\laravel\\framework\\src\\Illuminate\\Routing\\Router.php(798): Illuminate\\Routing\\Route->run()
#19 D:\\ielts-mock-test\\ielts-mock-test\\vendor\\laravel\\framework\\src\\Illuminate\\Pipeline\\Pipeline.php(141): Illuminate\\Routing\\Router->Illuminate\\Routing\\{closure}(Object(Illuminate\\Http\\Request))
#20 D:\\ielts-mock-test\\ielts-mock-test\\vendor\\laravel\\framework\\src\\Illuminate\\Routing\\Middleware\\SubstituteBindings.php(50): Illuminate\\Pipeline\\Pipeline->Illuminate\\Pipeline\\{closure}(Object(Illuminate\\Http\\Request))
#21 D:\\ielts-mock-test\\ielts-mock-test\\vendor\\laravel\\framework\\src\\Illuminate\\Pipeline\\Pipeline.php(180): Illuminate\\Routing\\Middleware\\SubstituteBindings->handle(Object(Illuminate\\Http\\Request), Object(Closure))
#22 D:\\ielts-mock-test\\ielts-mock-test\\vendor\\laravel\\framework\\src\\Illuminate\\Foundation\\Http\\Middleware\\VerifyCsrfToken.php(78): Illuminate\\Pipeline\\Pipeline->Illuminate\\Pipeline\\{closure}(Object(Illuminate\\Http\\Request))
#23 D:\\ielts-mock-test\\ielts-mock-test\\vendor\\laravel\\framework\\src\\Illuminate\\Pipeline\\Pipeline.php(180): Illuminate\\Foundation\\Http\\Middleware\\VerifyCsrfToken->handle(Object(Illuminate\\Http\\Request), Object(Closure))
#24 D:\\ielts-mock-test\\ielts-mock-test\\vendor\\laravel\\framework\\src\\Illuminate\\View\\Middleware\\ShareErrorsFromSession.php(49): Illuminate\\Pipeline\\Pipeline->Illuminate\\Pipeline\\{closure}(Object(Illuminate\\Http\\Request))
#25 D:\\ielts-mock-test\\ielts-mock-test\\vendor\\laravel\\framework\\src\\Illuminate\\Pipeline\\Pipeline.php(180): Illuminate\\View\\Middleware\\ShareErrorsFromSession->handle(Object(Illuminate\\Http\\Request), Object(Closure))
#26 D:\\ielts-mock-test\\ielts-mock-test\\vendor\\laravel\\framework\\src\\Illuminate\\Session\\Middleware\\StartSession.php(121): Illuminate\\Pipeline\\Pipeline->Illuminate\\Pipeline\\{closure}(Object(Illuminate\\Http\\Request))
#27 D:\\ielts-mock-test\\ielts-mock-test\\vendor\\laravel\\framework\\src\\Illuminate\\Session\\Middleware\\StartSession.php(64): Illuminate\\Session\\Middleware\\StartSession->handleStatefulRequest(Object(Illuminate\\Http\\Request), Object(Illuminate\\Session\\Store), Object(Closure))
#28 D:\\ielts-mock-test\\ielts-mock-test\\vendor\\laravel\\framework\\src\\Illuminate\\Pipeline\\Pipeline.php(180): Illuminate\\Session\\Middleware\\StartSession->handle(Object(Illuminate\\Http\\Request), Object(Closure))
#29 D:\\ielts-mock-test\\ielts-mock-test\\vendor\\laravel\\framework\\src\\Illuminate\\Cookie\\Middleware\\AddQueuedCookiesToResponse.php(37): Illuminate\\Pipeline\\Pipeline->Illuminate\\Pipeline\\{closure}(Object(Illuminate\\Http\\Request))
#30 D:\\ielts-mock-test\\ielts-mock-test\\vendor\\laravel\\framework\\src\\Illuminate\\Pipeline\\Pipeline.php(180): Illuminate\\Cookie\\Middleware\\AddQueuedCookiesToResponse->handle(Object(Illuminate\\Http\\Request), Object(Closure))
#31 D:\\ielts-mock-test\\ielts-mock-test\\vendor\\laravel\\framework\\src\\Illuminate\\Cookie\\Middleware\\EncryptCookies.php(67): Illuminate\\Pipeline\\Pipeline->Illuminate\\Pipeline\\{closure}(Object(Illuminate\\Http\\Request))
#32 D:\\ielts-mock-test\\ielts-mock-test\\vendor\\laravel\\framework\\src\\Illuminate\\Pipeline\\Pipeline.php(180): Illuminate\\Cookie\\Middleware\\EncryptCookies->handle(Object(Illuminate\\Http\\Request), Object(Closure))
#33 D:\\ielts-mock-test\\ielts-mock-test\\vendor\\laravel\\framework\\src\\Illuminate\\Pipeline\\Pipeline.php(116): Illuminate\\Pipeline\\Pipeline->Illuminate\\Pipeline\\{closure}(Object(Illuminate\\Http\\Request))
#34 D:\\ielts-mock-test\\ielts-mock-test\\vendor\\laravel\\framework\\src\\Illuminate\\Routing\\Router.php(797): Illuminate\\Pipeline\\Pipeline->then(Object(Closure))
#35 D:\\ielts-mock-test\\ielts-mock-test\\vendor\\laravel\\framework\\src\\Illuminate\\Routing\\Router.php(776): Illuminate\\Routing\\Router->runRouteWithinStack(Object(Illuminate\\Routing\\Route), Object(Illuminate\\Http\\Request))
#36 D:\\ielts-mock-test\\ielts-mock-test\\vendor\\laravel\\framework\\src\\Illuminate\\Routing\\Router.php(740): Illuminate\\Routing\\Router->runRoute(Object(Illuminate\\Http\\Request), Object(Illuminate\\Routing\\Route))
#37 D:\\ielts-mock-test\\ielts-mock-test\\vendor\\laravel\\framework\\src\\Illuminate\\Routing\\Router.php(729): Illuminate\\Routing\\Router->dispatchToRoute(Object(Illuminate\\Http\\Request))
#38 D:\\ielts-mock-test\\ielts-mock-test\\vendor\\laravel\\framework\\src\\Illuminate\\Foundation\\Http\\Kernel.php(190): Illuminate\\Routing\\Router->dispatch(Object(Illuminate\\Http\\Request))
#39 D:\\ielts-mock-test\\ielts-mock-test\\vendor\\laravel\\framework\\src\\Illuminate\\Pipeline\\Pipeline.php(141): Illuminate\\Foundation\\Http\\Kernel->Illuminate\\Foundation\\Http\\{closure}(Object(Illuminate\\Http\\Request))
#40 D:\\ielts-mock-test\\ielts-mock-test\\vendor\\laravel\\framework\\src\\Illuminate\\Foundation\\Http\\Middleware\\TransformsRequest.php(21): Illuminate\\Pipeline\\Pipeline->Illuminate\\Pipeline\\{closure}(Object(Illuminate\\Http\\Request))
#41 D:\\ielts-mock-test\\ielts-mock-test\\vendor\\laravel\\framework\\src\\Illuminate\\Foundation\\Http\\Middleware\\ConvertEmptyStringsToNull.php(31): Illuminate\\Foundation\\Http\\Middleware\\TransformsRequest->handle(Object(Illuminate\\Http\\Request), Object(Closure))
#42 D:\\ielts-mock-test\\ielts-mock-test\\vendor\\laravel\\framework\\src\\Illuminate\\Pipeline\\Pipeline.php(180): Illuminate\\Foundation\\Http\\Middleware\\ConvertEmptyStringsToNull->handle(Object(Illuminate\\Http\\Request), Object(Closure))
#43 D:\\ielts-mock-test\\ielts-mock-test\\vendor\\laravel\\framework\\src\\Illuminate\\Foundation\\Http\\Middleware\\TransformsRequest.php(21): Illuminate\\Pipeline\\Pipeline->Illuminate\\Pipeline\\{closure}(Object(Illuminate\\Http\\Request))
#44 D:\\ielts-mock-test\\ielts-mock-test\\vendor\\laravel\\framework\\src\\Illuminate\\Foundation\\Http\\Middleware\\TrimStrings.php(40): Illuminate\\Foundation\\Http\\Middleware\\TransformsRequest->handle(Object(Illuminate\\Http\\Request), Object(Closure))
#45 D:\\ielts-mock-test\\ielts-mock-test\\vendor\\laravel\\framework\\src\\Illuminate\\Pipeline\\Pipeline.php(180): Illuminate\\Foundation\\Http\\Middleware\\TrimStrings->handle(Object(Illuminate\\Http\\Request), Object(Closure))
#46 D:\\ielts-mock-test\\ielts-mock-test\\vendor\\laravel\\framework\\src\\Illuminate\\Foundation\\Http\\Middleware\\ValidatePostSize.php(27): Illuminate\\Pipeline\\Pipeline->Illuminate\\Pipeline\\{closure}(Object(Illuminate\\Http\\Request))
#47 D:\\ielts-mock-test\\ielts-mock-test\\vendor\\laravel\\framework\\src\\Illuminate\\Pipeline\\Pipeline.php(180): Illuminate\\Foundation\\Http\\Middleware\\ValidatePostSize->handle(Object(Illuminate\\Http\\Request), Object(Closure))
#48 D:\\ielts-mock-test\\ielts-mock-test\\vendor\\laravel\\framework\\src\\Illuminate\\Http\\Middleware\\HandleCors.php(49): Illuminate\\Pipeline\\Pipeline->Illuminate\\Pipeline\\{closure}(Object(Illuminate\\Http\\Request))
#49 D:\\ielts-mock-test\\ielts-mock-test\\vendor\\laravel\\framework\\src\\Illuminate\\Pipeline\\Pipeline.php(180): Illuminate\\Http\\Middleware\\HandleCors->handle(Object(Illuminate\\Http\\Request), Object(Closure))
#50 D:\\ielts-mock-test\\ielts-mock-test\\vendor\\laravel\\framework\\src\\Illuminate\\Pipeline\\Pipeline.php(116): Illuminate\\Pipeline\\Pipeline->Illuminate\\Pipeline\\{closure}(Object(Illuminate\\Http\\Request))
#51 D:\\ielts-mock-test\\ielts-mock-test\\vendor\\laravel\\framework\\src\\Illuminate\\Foundation\\Http\\Kernel.php(165): Illuminate\\Pipeline\\Pipeline->then(Object(Closure))
#52 D:\\ielts-mock-test\\ielts-mock-test\\vendor\\laravel\\framework\\src\\Illuminate\\Foundation\\Http\\Kernel.php(134): Illuminate\\Foundation\\Http\\Kernel->sendRequestThroughRouter(Object(Illuminate\\Http\\Request))
#53 D:\\ielts-mock-test\\ielts-mock-test\\public\\index.php(9): Illuminate\\Foundation\\Http\\Kernel->handle(Object(Illuminate\\Http\\Request))
#54 D:\\ielts-mock-test\\ielts-mock-test\\vendor\\laravel\\framework\\src\\Illuminate\\Foundation\\resources\\server.php(16): require_once('D:\\\\ielts-mock-t...')
#55 {main}
"} 
